<testsuite name="testcase" time="16.543" failures="0" errors="0" skipped="0" tests="22">
  <properties>
[...]
</properties>
  <testcase time="1.138" name="basicAddUpdateDeleteByIdFlow" classname="testcase"/>
  <testcase time="1.284" name="restyAddUpdateDeleteByIdFlow" classname="testcase"/>
  <testcase time="0.791" name="addSameTwiceGetErrorAndDelete" classname="testcase"/>
  <testcase time="0.343" name="getContactById" classname="testcase"/>
  <testcase time="0.14" name="getContactByBadEmail" classname="testcase"/>
  <testcase time="0.14" name="getContactByBadId" classname="testcase"/>
  <testcase time="0.154" name="deleteContactBadQuery" classname="testcase"/>
  <testcase time="0.178" name="getContactBadNoQueryParams" classname="testcase"/>
  <testcase time="0.166" name="updateMissingId" classname="testcase"/>
  <testcase time="0.129" name="deleteContactByBadId" classname="testcase"/>
  <testcase time="0.811" name="addDeleteByName" classname="testcase"/>
  <testcase time="0.211" name="getContactByName" classname="testcase"/>
  <testcase time="0.125" name="deleteContactByGoodNameAndBadEmail" classname="testcase"/>
  <testcase time="0.227" name="getContactByEmail" classname="testcase"/>
  <testcase time="0.143" name="deleteContactByBadEmail" classname="testcase"/>
  <testcase time="0.138" name="deleteContactByBadName" classname="testcase"/>
  <testcase time="2.433" name="addSimilarTwiceGetDuplicateErrorsOnSearchsThenDelete" classname="testcase"/>
  <testcase time="0.197" name="getContactByNameAndEmail" classname="testcase"/>
  <testcase time="0.053" name="getContactBadQueryParams" classname="testcase"/>
  <testcase time="0.14" name="getContactByBadName" classname="testcase"/>
  <testcase time="0.143" name="getContactByGoodNameAndBadEmail" classname="testcase"/>
  <testcase time="0.956" name="addDeleteByEmail" classname="testcase"/>
</testsuite>